<?xml version="1.0" encoding="UTF-8"?>
<testsuite name="AppTest" tests="5" skipped="0" failures="0" errors="0" timestamp="2016-03-04T21:00:32" hostname="epicodus-117.local" time="0.576">
  <properties/>
  <testcase name="addsVenueAndDisplaysOnSamePage_true" classname="AppTest" time="0.402"/>
  <testcase name="bandIsDeletedTest" classname="AppTest" time="0.056"/>
  <testcase name="rootTest" classname="AppTest" time="0.02"/>
  <testcase name="venueIsDeletedTest" classname="AppTest" time="0.046"/>
  <testcase name="addsBandAndDisplaysOnSamePage_true" classname="AppTest" time="0.039"/>
  <system-out><![CDATA[]]></system-out>
  <system-err><![CDATA[[Thread-4] INFO org.eclipse.jetty.util.log - Logging initialized @529ms
[Thread-4] INFO spark.webserver.JettySparkServer - == Spark has ignited ...
[Thread-4] INFO spark.webserver.JettySparkServer - >> Listening on 0.0.0.0:4567
[Thread-4] INFO org.eclipse.jetty.server.Server - jetty-9.3.2.v20150730
[Thread-4] INFO org.eclipse.jetty.server.ServerConnector - Started ServerConnector@38507aa4{HTTP/1.1,[http/1.1]}{0.0.0.0:4567}
[Thread-4] INFO org.eclipse.jetty.server.Server - Started @601ms
[Test worker] INFO spark.webserver.JettySparkServer - >>> Spark shutting down ...
[Test worker] INFO org.eclipse.jetty.server.ServerConnector - Stopped ServerConnector@38507aa4{HTTP/1.1,[http/1.1]}{0.0.0.0:4567}
[Test worker] INFO spark.webserver.JettySparkServer - done
]]></system-err>
</testsuite>
