<?xml version="1.0" encoding="UTF-8"?>
<testsuite name="BandTest" tests="11" skipped="0" failures="0" errors="0" timestamp="2016-03-04T19:43:56" hostname="epicodus-117.local" time="0.189">
  <properties/>
  <testcase name="equals_returnsTrueIfNamesAretheSame" classname="BandTest" time="0.006"/>
  <testcase name="getVenues_returnsAllVenues_ArrayList" classname="BandTest" time="0.027"/>
  <testcase name="deleteAllBands_deletesAllBandsAtOnce" classname="BandTest" time="0.021"/>
  <testcase name="delete_deletesAllVenuesAndListsAssoicationes" classname="BandTest" time="0.03"/>
  <testcase name="find_findBandInDatabase_true" classname="BandTest" time="0.014"/>
  <testcase name="all_emptyAtFirst" classname="BandTest" time="0.008"/>
  <testcase name="firstToUppercase_makesFirstLetterUppercase_true" classname="BandTest" time="0.013"/>
  <testcase name="save_savesIntoDatabase_true" classname="BandTest" time="0.013"/>
  <testcase name="save_assignsIdToObject" classname="BandTest" time="0.013"/>
  <testcase name="addVenue_addsVenueToBand" classname="BandTest" time="0.024"/>
  <testcase name="update_updatesNameOfBand" classname="BandTest" time="0.014"/>
  <system-out><![CDATA[]]></system-out>
  <system-err><![CDATA[]]></system-err>
</testsuite>
