<?xml version="1.0" encoding="UTF-8"?>
<testsuite name="VenueTest" tests="11" skipped="0" failures="0" errors="0" timestamp="2016-03-04T19:19:38" hostname="epicodus-117.local" time="0.191">
  <properties/>
  <testcase name="equals_returnsTrueIfDescriptionsAretheSame" classname="VenueTest" time="0.005"/>
  <testcase name="save_savesObjectIntoDatabase" classname="VenueTest" time="0.013"/>
  <testcase name="find_findsVenueInDatabase_true" classname="VenueTest" time="0.018"/>
  <testcase name="getBands_returnsAllBands_ArrayList" classname="VenueTest" time="0.029"/>
  <testcase name="delete_deletesAllVenuesAndListsAssoicationes" classname="VenueTest" time="0.028"/>
  <testcase name="all_emptyAtFirst" classname="VenueTest" time="0.009"/>
  <testcase name="firstToUppercase_makesFirstLetterUppercase_true" classname="VenueTest" time="0.013"/>
  <testcase name="addBand_addsBandToVenue" classname="VenueTest" time="0.022"/>
  <testcase name="save_assignsIdToObject" classname="VenueTest" time="0.013"/>
  <testcase name="deleteAllVenues_deletesAllVenuesAtOnce" classname="VenueTest" time="0.021"/>
  <testcase name="update_updatesNameOfVenue" classname="VenueTest" time="0.017"/>
  <system-out><![CDATA[]]></system-out>
  <system-err><![CDATA[]]></system-err>
</testsuite>
