<?xml version="1.0" encoding="UTF-8"?>
<testsuite name="VenueTest" tests="2" skipped="0" failures="0" errors="0" timestamp="2016-03-04T17:25:53" hostname="epicodus-117.local" time="0.017">
  <properties/>
  <testcase name="equals_returnsTrueIfDescriptionsAretheSame" classname="VenueTest" time="0.006"/>
  <testcase name="all_emptyAtFirst" classname="VenueTest" time="0.011"/>
  <system-out><![CDATA[]]></system-out>
  <system-err><![CDATA[]]></system-err>
</testsuite>
