<?xml version="1.0" encoding="UTF-8"?>
<testsuite name="BandTest" tests="4" skipped="0" failures="0" errors="0" timestamp="2016-03-04T17:37:30" hostname="epicodus-117.local" time="0.143">
  <properties/>
  <testcase name="equals_returnsTrueIfNamesAretheSame" classname="BandTest" time="0.075"/>
  <testcase name="all_emptyAtFirst" classname="BandTest" time="0.03"/>
  <testcase name="save_savesIntoDatabase_true" classname="BandTest" time="0.024"/>
  <testcase name="save_assignsIdToObject" classname="BandTest" time="0.014"/>
  <system-out><![CDATA[]]></system-out>
  <system-err><![CDATA[]]></system-err>
</testsuite>
