<?xml version="1.0" encoding="UTF-8"?>
<testsuite name="BandTest" tests="5" skipped="0" failures="0" errors="0" timestamp="2016-03-04T17:43:34" hostname="epicodus-117.local" time="0.164">
  <properties/>
  <testcase name="equals_returnsTrueIfNamesAretheSame" classname="BandTest" time="0.077"/>
  <testcase name="find_findBandInDatabase_true" classname="BandTest" time="0.046"/>
  <testcase name="all_emptyAtFirst" classname="BandTest" time="0.01"/>
  <testcase name="save_savesIntoDatabase_true" classname="BandTest" time="0.014"/>
  <testcase name="save_assignsIdToObject" classname="BandTest" time="0.015"/>
  <system-out><![CDATA[]]></system-out>
  <system-err><![CDATA[]]></system-err>
</testsuite>
