<?xml version="1.0" encoding="UTF-8"?>
<testsuite name="BandTest" tests="2" skipped="0" failures="0" errors="0" timestamp="2016-03-04T17:25:53" hostname="epicodus-117.local" time="0.108">
  <properties/>
  <testcase name="equals_returnsTrueIfNamesAretheSame" classname="BandTest" time="0.078"/>
  <testcase name="all_emptyAtFirst" classname="BandTest" time="0.03"/>
  <system-out><![CDATA[]]></system-out>
  <system-err><![CDATA[]]></system-err>
</testsuite>
