<?xml version="1.0" encoding="UTF-8"?>
<testsuite name="VenueTest" tests="3" skipped="0" failures="0" errors="0" timestamp="2016-03-04T17:30:41" hostname="epicodus-117.local" time="0.032">
  <properties/>
  <testcase name="equals_returnsTrueIfDescriptionsAretheSame" classname="VenueTest" time="0.005"/>
  <testcase name="save_savesObjectIntoDatabase" classname="VenueTest" time="0.014"/>
  <testcase name="all_emptyAtFirst" classname="VenueTest" time="0.013"/>
  <system-out><![CDATA[]]></system-out>
  <system-err><![CDATA[]]></system-err>
</testsuite>
