<?xml version="1.0" encoding="UTF-8"?>
<testsuite name="VenueTest" tests="4" skipped="0" failures="0" errors="0" timestamp="2016-03-04T17:37:30" hostname="epicodus-117.local" time="0.042">
  <properties/>
  <testcase name="equals_returnsTrueIfDescriptionsAretheSame" classname="VenueTest" time="0.004"/>
  <testcase name="save_savesObjectIntoDatabase" classname="VenueTest" time="0.015"/>
  <testcase name="all_emptyAtFirst" classname="VenueTest" time="0.009"/>
  <testcase name="save_assignsIdToObject" classname="VenueTest" time="0.013"/>
  <system-out><![CDATA[]]></system-out>
  <system-err><![CDATA[]]></system-err>
</testsuite>
