<?xml version="1.0" encoding="UTF-8"?>
<testsuite name="AppTest" tests="5" skipped="0" failures="0" errors="0" timestamp="2016-03-04T20:55:19" hostname="epicodus-117.local" time="0.565">
  <properties/>
  <testcase name="addsVenueAndDisplaysOnSamePage_true" classname="AppTest" time="0.396"/>
  <testcase name="bandIsDeletedTest" classname="AppTest" time="0.05"/>
  <testcase name="rootTest" classname="AppTest" time="0.021"/>
  <testcase name="venueIsDeletedTest" classname="AppTest" time="0.045"/>
  <testcase name="addsBandAndDisplaysOnSamePage_true" classname="AppTest" time="0.039"/>
  <system-out><![CDATA[]]></system-out>
  <system-err><![CDATA[[Thread-4] INFO org.eclipse.jetty.util.log - Logging initialized @518ms
[Thread-4] INFO spark.webserver.JettySparkServer - == Spark has ignited ...
[Thread-4] INFO spark.webserver.JettySparkServer - >> Listening on 0.0.0.0:4567
[Thread-4] INFO org.eclipse.jetty.server.Server - jetty-9.3.2.v20150730
[Thread-4] INFO org.eclipse.jetty.server.ServerConnector - Started ServerConnector@319616f9{HTTP/1.1,[http/1.1]}{0.0.0.0:4567}
[Thread-4] INFO org.eclipse.jetty.server.Server - Started @617ms
[Test worker] INFO spark.webserver.JettySparkServer - >>> Spark shutting down ...
[Test worker] INFO org.eclipse.jetty.server.ServerConnector - Stopped ServerConnector@319616f9{HTTP/1.1,[http/1.1]}{0.0.0.0:4567}
[Test worker] INFO spark.webserver.JettySparkServer - done
]]></system-err>
</testsuite>
